<?xml version="1.0" encoding="UTF-8"?>
<!-- Generated by org.testng.reporters.JUnitReportReporter -->
<testsuite hostname="DESKTOP-7C4J88S" failures="0" tests="2" name="HttpsMethods.PatchRequest" time="10.140" errors="0" timestamp="2025-04-18T15:10:39 IST" skipped="0">
  <testcase classname="HttpsMethods.PatchRequest" name="createUser" time="9.560"/>
  <testcase classname="HttpsMethods.PatchRequest" name="updateUserByPatchMethod" time="0.580"/>
</testsuite> <!-- HttpsMethods.PatchRequest -->
