<?xml version="1.0" encoding="UTF-8"?>
<!-- Generated by org.testng.reporters.JUnitReportReporter -->
<testsuite hostname="DESKTOP-7C4J88S" failures="0" tests="1" name="Validations.TC006_SizeOfData" time="6.778" errors="0" timestamp="2025-04-18T09:08:30 IST" skipped="0">
  <testcase classname="Validations.TC006_SizeOfData" name="validateTheSizeOfTheResponseData" time="6.778"/>
</testsuite> <!-- Validations.TC006_SizeOfData -->
