<?xml version="1.0" encoding="UTF-8"?>
<!-- Generated by org.testng.reporters.JUnitReportReporter -->
<testsuite hostname="DESKTOP-7C4J88S" failures="0" tests="1" name="Validations.TC007_SingleHeaderValue" time="7.298" errors="0" timestamp="2025-04-19T05:01:49 IST" skipped="0">
  <testcase classname="Validations.TC007_SingleHeaderValue" name="validateTheSingleHeaderValue_BddStyle" time="7.298"/>
</testsuite> <!-- Validations.TC007_SingleHeaderValue -->
