<?xml version="1.0" encoding="UTF-8"?>
<!-- Generated by org.testng.reporters.JUnitReportReporter -->
<testsuite hostname="DESKTOP-7C4J88S" failures="0" tests="1" name="SerilizationAndDeserilization.Serilization" time="2.054" errors="0" timestamp="2025-05-23T07:49:13 IST" skipped="0">
  <testcase classname="SerilizationAndDeserilization.Serilization" name="convertClassObjectToJsonData" time="2.054"/>
</testsuite> <!-- SerilizationAndDeserilization.Serilization -->
