<?xml version="1.0" encoding="UTF-8"?>
<!-- Generated by org.testng.reporters.JUnitReportReporter -->
<testsuite hostname="DESKTOP-7C4J88S" failures="0" tests="2" name="HttpsMethods.DeleteRequest" time="10.239" errors="0" timestamp="2025-04-18T15:20:04 IST" skipped="0">
  <testcase classname="HttpsMethods.DeleteRequest" name="creatUser" time="9.520"/>
  <testcase classname="HttpsMethods.DeleteRequest" name="DeleteUserMethod" time="0.719"/>
</testsuite> <!-- HttpsMethods.DeleteRequest -->
