<?xml version="1.0" encoding="UTF-8"?>
<!-- Generated by org.testng.reporters.JUnitReportReporter -->
<testsuite hostname="DESKTOP-7C4J88S" failures="0" tests="1" name="Validations.TC011_TextInResponseBody" time="7.801" errors="0" timestamp="2025-04-18T10:05:17 IST" skipped="0">
  <testcase classname="Validations.TC011_TextInResponseBody" name="MultipleCookiesValues" time="7.801"/>
</testsuite> <!-- Validations.TC011_TextInResponseBody -->
