<?xml version="1.0" encoding="UTF-8"?>
<!-- Generated by org.testng.reporters.JUnitReportReporter -->
<testsuite hostname="DESKTOP-7C4J88S" failures="0" tests="1" name="HttpsMethods.PutRequest" time="13.044" errors="0" timestamp="2025-04-18T14:48:15 IST" skipped="0">
  <testcase classname="HttpsMethods.PutRequest" name="updateUserByPutMethod" time="13.044"/>
</testsuite> <!-- HttpsMethods.PutRequest -->
