<?xml version="1.0" encoding="UTF-8"?>
<!-- Generated by org.testng.reporters.JUnitReportReporter -->
<testsuite hostname="DESKTOP-7C4J88S" failures="0" tests="1" name="Authentication.BearerToken" time="8.352" errors="0" timestamp="2025-05-19T22:00:39 IST" skipped="0">
  <testcase classname="Authentication.BearerToken" name="bearerTokenAuthentication" time="8.352"/>
</testsuite> <!-- Authentication.BearerToken -->
