<?xml version="1.0" encoding="UTF-8"?>
<!-- Generated by org.testng.reporters.JUnitReportReporter -->
<testsuite hostname="DESKTOP-7C4J88S" failures="0" tests="1" name="SerilizationAndDeserilization.Deserilization" time="1.022" errors="0" timestamp="2025-05-23T07:56:03 IST" skipped="0">
  <testcase classname="SerilizationAndDeserilization.Deserilization" name="convertJsonDataToClassObject" time="1.022"/>
</testsuite> <!-- SerilizationAndDeserilization.Deserilization -->
