<?xml version="1.0" encoding="UTF-8"?>
<!-- Generated by org.testng.reporters.JUnitReportReporter -->
<testsuite hostname="DESKTOP-7C4J88S" failures="0" tests="1" name="PayloadWithRequest.By2_HashMap" time="9.765" errors="0" timestamp="2025-05-23T07:25:34 IST" skipped="0">
  <testcase classname="PayloadWithRequest.By2_HashMap" name="creatUser1" time="9.765"/>
</testsuite> <!-- PayloadWithRequest.By2_HashMap -->
