<?xml version="1.0" encoding="UTF-8"?>
<!-- Generated by org.testng.reporters.JUnitReportReporter -->
<testsuite hostname="DESKTOP-7C4J88S" failures="0" tests="1" name="sampleTest.GetRequest" time="6.736" errors="0" timestamp="2025-04-17T21:09:09 IST" skipped="0">
  <testcase classname="sampleTest.GetRequest" name="getListOfAllUsers" time="6.736"/>
</testsuite> <!-- sampleTest.GetRequest -->
