<?xml version="1.0" encoding="UTF-8"?>
<!-- Generated by org.testng.reporters.JUnitReportReporter -->
<testsuite hostname="DESKTOP-7C4J88S" failures="0" tests="3" name="Validations.TC003_ResponseTime" time="7.638" errors="0" timestamp="2025-04-19T04:38:02 IST" skipped="0">
  <testcase classname="Validations.TC003_ResponseTime" name="validateTheResponseTime_ByValidatableResponse" time="0.236"/>
  <testcase classname="Validations.TC003_ResponseTime" name="validateTheResponseTime" time="7.006"/>
  <testcase classname="Validations.TC003_ResponseTime" name="validateTheResponseTime_BddStyle" time="0.396"/>
</testsuite> <!-- Validations.TC003_ResponseTime -->
