<?xml version="1.0" encoding="UTF-8"?>
<!-- Generated by org.testng.reporters.JUnitReportReporter -->
<testsuite hostname="DESKTOP-7C4J88S" failures="0" tests="3" name="Validations.TC004_StatusCodeText" time="5.881" errors="0" timestamp="2025-04-19T04:52:33 IST" skipped="0">
  <testcase classname="Validations.TC004_StatusCodeText" name="validateTheStatusCodeText_ByValidatableResponse" time="0.262"/>
  <testcase classname="Validations.TC004_StatusCodeText" name="validateTheStatusCodeText" time="5.287"/>
  <testcase classname="Validations.TC004_StatusCodeText" name="validateTheStatusCodeText_BddStyle" time="0.332"/>
</testsuite> <!-- Validations.TC004_StatusCodeText -->
