<?xml version="1.0" encoding="UTF-8"?>
<!-- Generated by org.testng.reporters.JUnitReportReporter -->
<testsuite hostname="DESKTOP-7C4J88S" failures="0" tests="3" name="Validations.TC013_SpecificFieldValueOFResponseBody" time="9.619" errors="0" timestamp="2025-04-19T14:23:03 IST" skipped="0">
  <testcase classname="Validations.TC013_SpecificFieldValueOFResponseBody" name="SpecificFieldValueOFResponseBody__BddStyle" time="8.948"/>
  <testcase classname="Validations.TC013_SpecificFieldValueOFResponseBody" name="SpecificFieldValueOFResponseBody__ByValidatableResponse" time="0.249"/>
  <testcase classname="Validations.TC013_SpecificFieldValueOFResponseBody" name="ValidateTheWholeResponseBody" time="0.422"/>
</testsuite> <!-- Validations.TC013_SpecificFieldValueOFResponseBody -->
