<?xml version="1.0" encoding="UTF-8"?>
<!-- Generated by org.testng.reporters.JUnitReportReporter -->
<testsuite hostname="DESKTOP-7C4J88S" failures="0" tests="3" name="Validations.TC001_StatusCode" time="7.818" errors="0" timestamp="2025-04-19T04:36:57 IST" skipped="0">
  <testcase classname="Validations.TC001_StatusCode" name="validateTheStatusCode_BddStyle" time="0.375"/>
  <testcase classname="Validations.TC001_StatusCode" name="validateTheStatusCode" time="7.236"/>
  <testcase classname="Validations.TC001_StatusCode" name="validateTheStatusCode_ByValidatableResponse" time="0.207"/>
</testsuite> <!-- Validations.TC001_StatusCode -->
