<?xml version="1.0" encoding="UTF-8"?>
<!-- Generated by org.testng.reporters.JUnitReportReporter -->
<testsuite hostname="DESKTOP-7C4J88S" failures="0" tests="2" name="Validations.TC009_SingleCookiesValue" time="8.563" errors="0" timestamp="2025-04-19T12:54:06 IST" skipped="0">
  <testcase classname="Validations.TC009_SingleCookiesValue" name="SingleCookiesValue" time="6.418"/>
  <testcase classname="Validations.TC009_SingleCookiesValue" name="SingleCookiesValue__ByValidatableResponse" time="2.145"/>
</testsuite> <!-- Validations.TC009_SingleCookiesValue -->
