<?xml version="1.0" encoding="UTF-8"?>
<!-- Generated by org.testng.reporters.JUnitReportReporter -->
<testsuite hostname="DESKTOP-7C4J88S" failures="0" tests="1" name="Validations.TC003_ResponseTime" time="6.664" errors="0" timestamp="2025-04-17T22:01:06 IST" skipped="0">
  <testcase classname="Validations.TC003_ResponseTime" name="validateTheResponseTime" time="6.664"/>
</testsuite> <!-- Validations.TC003_ResponseTime -->
