<?xml version="1.0" encoding="UTF-8"?>
<!-- Generated by org.testng.reporters.JUnitReportReporter -->
<testsuite hostname="DESKTOP-7C4J88S" failures="0" tests="1" name="Validations.TC002_StatusLine" time="6.891" errors="0" timestamp="2025-04-17T21:53:17 IST" skipped="0">
  <testcase classname="Validations.TC002_StatusLine" name="validateTheStatusLine" time="6.891"/>
</testsuite> <!-- Validations.TC002_StatusLine -->
