<?xml version="1.0" encoding="UTF-8"?>
<!-- Generated by org.testng.reporters.JUnitReportReporter -->
<testsuite hostname="DESKTOP-7C4J88S" failures="0" tests="1" name="Validations.TC014_JsonSchema" time="10.508" errors="0" timestamp="2025-04-18T10:35:14 IST" skipped="0">
  <testcase classname="Validations.TC014_JsonSchema" name="ValidateTheWholeResponseBody" time="10.508"/>
</testsuite> <!-- Validations.TC014_JsonSchema -->
