<?xml version="1.0" encoding="UTF-8"?>
<!-- Generated by org.testng.reporters.JUnitReportReporter -->
<testsuite hostname="DESKTOP-7C4J88S" failures="0" tests="1" name="Validations.StatusCode" time="6.151" errors="0" timestamp="2025-04-17T21:47:53 IST" skipped="0">
  <testcase classname="Validations.StatusCode" name="validateTheStatusCode" time="6.151"/>
</testsuite> <!-- Validations.StatusCode -->
