<?xml version="1.0" encoding="UTF-8"?>
<!-- Generated by org.testng.reporters.JUnitReportReporter -->
<testsuite hostname="DESKTOP-7C4J88S" failures="0" tests="1" name="Authentication.ApiKey" time="8.850" errors="0" timestamp="2025-05-19T22:21:20 IST" skipped="0">
  <testcase classname="Authentication.ApiKey" name="apiKeyAuthentication" time="8.850"/>
</testsuite> <!-- Authentication.ApiKey -->
