<?xml version="1.0" encoding="UTF-8"?>
<!-- Generated by org.testng.reporters.JUnitReportReporter -->
<testsuite hostname="DESKTOP-7C4J88S" failures="0" tests="1" name="Validations.TC009_SingleCookiesValue" time="6.700" errors="0" timestamp="2025-04-18T09:53:08 IST" skipped="0">
  <testcase classname="Validations.TC009_SingleCookiesValue" name="validateTheSingleHeader" time="6.700"/>
</testsuite> <!-- Validations.TC009_SingleCookiesValue -->
