<?xml version="1.0" encoding="UTF-8"?>
<!-- Generated by org.testng.reporters.JUnitReportReporter -->
<testsuite hostname="DESKTOP-7C4J88S" failures="0" tests="4" name="HttpsMethods.CrudOperation" time="14.215" errors="0" timestamp="2025-04-27T09:03:32 IST" skipped="0">
  <testcase classname="HttpsMethods.CrudOperation" name="deleteUser" time="1.346"/>
  <testcase classname="HttpsMethods.CrudOperation" name="creatUser" time="10.889"/>
  <testcase classname="HttpsMethods.CrudOperation" name="getUser" time="1.048"/>
  <testcase classname="HttpsMethods.CrudOperation" name="updateUser" time="0.932"/>
</testsuite> <!-- HttpsMethods.CrudOperation -->
