<?xml version="1.0" encoding="UTF-8"?>
<!-- Generated by org.testng.reporters.JUnitReportReporter -->
<testsuite hostname="DESKTOP-7C4J88S" failures="0" tests="1" name="Authentication.Basic" time="7.138" errors="0" timestamp="2025-05-19T21:43:11 IST" skipped="0">
  <testcase classname="Authentication.Basic" name="basicAuthentication" time="7.138"/>
</testsuite> <!-- Authentication.Basic -->
