<?xml version="1.0" encoding="UTF-8"?>
<!-- Generated by org.testng.reporters.JUnitReportReporter -->
<testsuite hostname="DESKTOP-7C4J88S" failures="0" tests="1" name="HttpsMethods.GetRequest" time="7.626" errors="0" timestamp="2025-04-27T07:57:27 IST" skipped="0">
  <testcase classname="HttpsMethods.GetRequest" name="getListOfAllUsers" time="7.626"/>
</testsuite> <!-- HttpsMethods.GetRequest -->
