<?xml version="1.0" encoding="UTF-8"?>
<!-- Generated by org.testng.reporters.JUnitReportReporter -->
<testsuite hostname="DESKTOP-7C4J88S" failures="0" tests="1" name="HttpsMethods.PostRequest" time="7.962" errors="0" timestamp="2025-04-26T15:59:34 IST" skipped="0">
  <testcase classname="HttpsMethods.PostRequest" name="creatUser" time="7.962"/>
</testsuite> <!-- HttpsMethods.PostRequest -->
