<?xml version="1.0" encoding="UTF-8"?>
<!-- Generated by org.testng.reporters.JUnitReportReporter -->
<testsuite hostname="DESKTOP-7C4J88S" failures="0" tests="1" name="Validations.TC012_AllResponseBody" time="6.835" errors="0" timestamp="2025-04-18T10:14:17 IST" skipped="0">
  <testcase classname="Validations.TC012_AllResponseBody" name="ValidateTheAllResponseBody" time="6.835"/>
</testsuite> <!-- Validations.TC012_AllResponseBody -->
