<?xml version="1.0" encoding="UTF-8"?>
<!-- Generated by org.testng.reporters.JUnitReportReporter -->
<testsuite hostname="DESKTOP-7C4J88S" failures="0" tests="1" name="PayloadWithRequest.DummyDataByFakerClass" time="0.965" errors="0" timestamp="2025-05-23T07:28:55 IST" skipped="0">
  <testcase classname="PayloadWithRequest.DummyDataByFakerClass" name="generateDummyData" time="0.965"/>
</testsuite> <!-- PayloadWithRequest.DummyDataByFakerClass -->
