<?xml version="1.0" encoding="UTF-8"?>
<!-- Generated by org.testng.reporters.JUnitReportReporter -->
<testsuite hostname="DESKTOP-7C4J88S" failures="0" tests="1" name="Validations.TC004_StatusCodeText" time="7.006" errors="0" timestamp="2025-04-17T22:10:25 IST" skipped="0">
  <testcase classname="Validations.TC004_StatusCodeText" name="validateTheHttpVersionOfResponse" time="7.006"/>
</testsuite> <!-- Validations.TC004_StatusCodeText -->
