<?xml version="1.0" encoding="UTF-8"?>
<!-- Generated by org.testng.reporters.JUnitReportReporter -->
<testsuite hostname="DESKTOP-7C4J88S" failures="0" tests="1" name="PayloadWithRequest.By1_JSONObject" time="9.425" errors="0" timestamp="2025-05-23T07:23:00 IST" skipped="0">
  <testcase classname="PayloadWithRequest.By1_JSONObject" name="creatUser1" time="9.425"/>
</testsuite> <!-- PayloadWithRequest.By1_JSONObject -->
