<?xml version="1.0" encoding="UTF-8"?>
<!-- Generated by org.testng.reporters.JUnitReportReporter -->
<testsuite hostname="DESKTOP-7C4J88S" failures="0" tests="1" name="Authentications.GetRequest" time="7.146" errors="0" timestamp="2025-05-19T20:48:54 IST" skipped="0">
  <testcase classname="Authentications.GetRequest" name="getListOfAllUsers" time="7.146"/>
</testsuite> <!-- Authentications.GetRequest -->
