<?xml version="1.0" encoding="UTF-8"?>
<!-- Generated by org.testng.reporters.JUnitReportReporter -->
<testsuite hostname="DESKTOP-7C4J88S" failures="0" tests="1" name="PayloadWithRequest.By4_ExternalFile" time="7.996" errors="0" timestamp="2025-05-22T22:37:53 IST" skipped="0">
  <testcase classname="PayloadWithRequest.By4_ExternalFile" name="creatUser" time="7.996"/>
</testsuite> <!-- PayloadWithRequest.By4_ExternalFile -->
