<?xml version="1.0" encoding="UTF-8"?>
<!-- Generated by org.testng.reporters.JUnitReportReporter -->
<testsuite hostname="DESKTOP-7C4J88S" failures="0" tests="1" name="Validations.TC008_MultipleHeadersValue" time="6.555" errors="0" timestamp="2025-04-18T09:32:47 IST" skipped="0">
  <testcase classname="Validations.TC008_MultipleHeadersValue" name="validateTheMultipleHeaders1" time="6.555"/>
</testsuite> <!-- Validations.TC008_MultipleHeadersValue -->
