<?xml version="1.0" encoding="UTF-8"?>
<!-- Generated by org.testng.reporters.JUnitReportReporter -->
<testsuite hostname="DESKTOP-7C4J88S" failures="0" tests="1" name="Authentication.Digest" time="14.145" errors="0" timestamp="2025-05-19T21:55:10 IST" skipped="0">
  <testcase classname="Authentication.Digest" name="digestAuthentication" time="14.145"/>
</testsuite> <!-- Authentication.Digest -->
