<?xml version="1.0" encoding="UTF-8"?>
<!-- Generated by org.testng.reporters.JUnitReportReporter -->
<testsuite hostname="DESKTOP-7C4J88S" failures="0" tests="1" name="Validations.TC007_SingleHeaderValue" time="6.930" errors="0" timestamp="2025-04-18T09:21:43 IST" skipped="0">
  <testcase classname="Validations.TC007_SingleHeaderValue" name="validateTheSingleHeader" time="6.930"/>
</testsuite> <!-- Validations.TC007_SingleHeaderValue -->
