<?xml version="1.0" encoding="UTF-8"?>
<!-- Generated by org.testng.reporters.JUnitReportReporter -->
<testsuite hostname="DESKTOP-7C4J88S" failures="0" tests="2" name="HttpsMethods.cvc" time="0.048" errors="0" timestamp="2025-04-18T15:07:54 IST" skipped="0">
  <testcase classname="HttpsMethods.cvc" name="createUser" time="0.040"/>
  <testcase classname="HttpsMethods.cvc" name="updateUserByPatchMethod" time="0.008"/>
</testsuite> <!-- HttpsMethods.cvc -->
