<?xml version="1.0" encoding="UTF-8"?>
<!-- Generated by org.testng.reporters.JUnitReportReporter -->
<testsuite hostname="DESKTOP-7C4J88S" failures="0" tests="1" name="Validations.TC010_MultipleCookiesValues" time="7.236" errors="0" timestamp="2025-04-18T09:57:30 IST" skipped="0">
  <testcase classname="Validations.TC010_MultipleCookiesValues" name="MultipleCookiesValues" time="7.236"/>
</testsuite> <!-- Validations.TC010_MultipleCookiesValues -->
