<?xml version="1.0" encoding="UTF-8"?>
<!-- Generated by org.testng.reporters.JUnitReportReporter -->
<testsuite hostname="DESKTOP-7C4J88S" failures="0" tests="3" name="Validations.TC005_HttpVersion" time="6.903" errors="0" timestamp="2025-04-19T04:52:53 IST" skipped="0">
  <testcase classname="Validations.TC005_HttpVersion" name="validateTheHttpVersionOfResponse_ByValidatableResponse" time="0.222"/>
  <testcase classname="Validations.TC005_HttpVersion" name="validateTheHttpVersionOfResponse" time="6.369"/>
  <testcase classname="Validations.TC005_HttpVersion" name="validateTheHttpVersionOfResponse_BddStyle" time="0.312"/>
</testsuite> <!-- Validations.TC005_HttpVersion -->
