<?xml version="1.0" encoding="UTF-8"?>
<!-- Generated by org.testng.reporters.JUnitReportReporter -->
<testsuite hostname="DESKTOP-7C4J88S" failures="0" tests="2" name="a" time="0.032" errors="0" timestamp="2025-04-26T14:32:03 IST" skipped="0">
  <testcase classname="a" name="test2" time="0.004"/>
  <testcase classname="a" name="test1" time="0.028"/>
</testsuite> <!-- a -->
