<?xml version="1.0" encoding="UTF-8"?>
<!-- Generated by org.testng.reporters.JUnitReportReporter -->
<testsuite hostname="DESKTOP-7C4J88S" failures="0" tests="1" name="PayloadWithRequest.ByPojoClass" time="8.196" errors="0" timestamp="2025-05-22T21:38:36 IST" skipped="0">
  <testcase classname="PayloadWithRequest.ByPojoClass" name="creatUser" time="8.196"/>
</testsuite> <!-- PayloadWithRequest.ByPojoClass -->
