<?xml version="1.0" encoding="UTF-8"?>
<!-- Generated by org.testng.reporters.JUnitReportReporter -->
<testsuite hostname="DESKTOP-7C4J88S" failures="0" tests="3" name="Validations.TC002_StatusLine" time="7.650" errors="0" timestamp="2025-04-19T04:37:20 IST" skipped="0">
  <testcase classname="Validations.TC002_StatusLine" name="validateTheStatusLine_BddStyle" time="0.349"/>
  <testcase classname="Validations.TC002_StatusLine" name="validateTheStatusLine" time="6.983"/>
  <testcase classname="Validations.TC002_StatusLine" name="validateTheStatusLine_ByValidatableResponse" time="0.318"/>
</testsuite> <!-- Validations.TC002_StatusLine -->
