<?xml version="1.0" encoding="UTF-8"?>
<!-- Generated by org.testng.reporters.JUnitReportReporter -->
<testsuite hostname="DESKTOP-7C4J88S" failures="0" tests="1" name="Validations.TC006_SizeOfData" time="8.896" errors="0" timestamp="2025-04-19T04:57:06 IST" skipped="0">
  <testcase classname="Validations.TC006_SizeOfData" name="validateTheSizeOfTheResponseData_BddStyle" time="8.896"/>
</testsuite> <!-- Validations.TC006_SizeOfData -->
